13/07/2016 05:19:23   '$2y$10$Lcr1XCL2zjFsRzSmoP4lheRq5k5p5/vsR60RPK4HCiP7PIX8p01/e'
13/07/2016 05:28:07   '$2y$10$wKuZJwSrMuqUCh3nEcjeWeiY9vCbsKjGxfkY2pWviTeAwiudp4DX6'
13/07/2016 05:30:49   '$2y$10$Lcr1XCL2zjFsRzSmoP4lheRq5k5p5/vsR60RPK4HCiP7PIX8p01/e'
13/07/2016 11:36:16   ********_FILES*********
13/07/2016 11:36:16   array (
  'img1' => 
  array (
    'name' => 'Proceso.docx',
    'type' => 'application/vnd.openxmlformats-officedocument.wordprocessingml.document',
    'tmp_name' => '/Applications/MAMP/tmp/php/php84nzMs',
    'error' => 0,
    'size' => 122064,
  ),
)
13/07/2016 11:36:16   array (
  'file_name' => '20160713113616146842777672.docx',
  'file_type' => 'application/vnd.openxmlformats-officedocument.wordprocessingml.document',
  'file_path' => '/Applications/MAMP/htdocs/cnbv/content/pat_pres_ejecutiva/18/',
  'full_path' => '/Applications/MAMP/htdocs/cnbv/content/pat_pres_ejecutiva/18/20160713113616146842777672.docx',
  'raw_name' => '20160713113616146842777672',
  'orig_name' => '20160713113616146842777672.docx',
  'client_name' => 'Proceso.docx',
  'file_ext' => '.docx',
  'file_size' => 119.2000000000000028421709430404007434844970703125,
  'is_image' => false,
  'image_width' => NULL,
  'image_height' => NULL,
  'image_type' => '',
  'image_size_str' => '',
)
13/07/2016 11:36:41   stdClass::__set_state(array(
   'ruta' => 'content/pat_pres_ejecutiva/18/20160713113616146842777672.docx',
   'nombre' => 'Proceso.docx',
))
13/07/2016 11:36:41   'http://localhost/cnbv/content/pat_pres_ejecutiva/18/20160713113616146842777672.docx'
13/07/2016 11:36:41   'Proceso.docx'
13/07/2016 11:38:39   array (
  'img1' => 
  array (
    'name' => 'thumb_IMG_0538_1024.jpg',
    'type' => 'image/jpeg',
    'tmp_name' => '/Applications/MAMP/tmp/php/php6ZVV0n',
    'error' => 0,
    'size' => 166681,
  ),
)
13/07/2016 04:04:55   '$2y$10$Lcr1XCL2zjFsRzSmoP4lheRq5k5p5/vsR60RPK4HCiP7PIX8p01/e'
13/07/2016 04:05:32   ********_FILES*********
13/07/2016 04:05:32   array (
  'img1' => 
  array (
    'name' => 'Presentacion Ejecutiva 2015 V4.pptx',
    'type' => 'application/vnd.openxmlformats-officedocument.presentationml.presentation',
    'tmp_name' => '/Applications/MAMP/tmp/php/phphbcbJ1',
    'error' => 0,
    'size' => 2265264,
  ),
)
13/07/2016 04:05:32   array (
  'file_name' => '2016071304053214684439322.pptx',
  'file_type' => 'application/vnd.openxmlformats-officedocument.presentationml.presentation',
  'file_path' => '/Applications/MAMP/htdocs/cnbv/content/pat_pres_ejecutiva/19/',
  'full_path' => '/Applications/MAMP/htdocs/cnbv/content/pat_pres_ejecutiva/19/2016071304053214684439322.pptx',
  'raw_name' => '2016071304053214684439322',
  'orig_name' => '2016071304053214684439322.pptx',
  'client_name' => 'Presentacion Ejecutiva 2015 V4.pptx',
  'file_ext' => '.pptx',
  'file_size' => 2212.170000000000072759576141834259033203125,
  'is_image' => false,
  'image_width' => NULL,
  'image_height' => NULL,
  'image_type' => '',
  'image_size_str' => '',
)
13/07/2016 04:06:12   stdClass::__set_state(array(
   'ruta' => 'content/pat_pres_ejecutiva/19/2016071304053214684439322.pptx',
   'nombre' => 'Presentacion Ejecutiva 2015 V4.pptx',
))
13/07/2016 04:06:12   'http://localhost/cnbv/content/pat_pres_ejecutiva/19/2016071304053214684439322.pptx'
13/07/2016 04:06:12   'Presentacion Ejecutiva 2015 V4.pptx'
13/07/2016 08:35:25   '$2y$10$Lcr1XCL2zjFsRzSmoP4lheRq5k5p5/vsR60RPK4HCiP7PIX8p01/e'
